<?xml version="1.0" encoding="UTF-8"?>
<testsuite name="lesson3.qa.selenide.AlfaTest" tests="1" skipped="0" failures="0" errors="0" timestamp="2020-11-29T20:59:15" hostname="MacBook-Pro-Viktoria.local" time="14.507">
  <properties/>
  <testcase name="InsurancDepositsSizeTest()" classname="lesson3.qa.selenide.AlfaTest" time="14.507"/>
  <system-out><![CDATA[]]></system-out>
  <system-err><![CDATA[[Test worker] INFO com.codeborne.selenide.impl.WebDriverThreadLocalContainer - No webdriver is bound to current thread: 10 - let's create a new webdriver
[Test worker] INFO com.codeborne.selenide.impl.FileHelper - Creating folder: /Users/viktoriavasilcenko/IdeaProjects/qa_guru_lesson3/build/downloads/1606683555905_97704_10
[Test worker] INFO io.github.bonigarcia.wdm.WebDriverManager - Using chromedriver 86.0.4240.22 (resolved driver for Chrome 86)
[Test worker] INFO io.github.bonigarcia.wdm.WebDriverManager - Exporting webdriver.chrome.driver as /Users/viktoriavasilcenko/.cache/selenium/chromedriver/mac64/86.0.4240.22/chromedriver
[Test worker] INFO com.codeborne.selenide.webdriver.AbstractDriverFactory - Write webdriver logs to: /Users/viktoriavasilcenko/IdeaProjects/qa_guru_lesson3/build/reports/tests/webdriver.1606683556709_97704_10.log
Starting ChromeDriver 86.0.4240.22 (398b0743353ff36fb1b82468f63a3a93b4e2e89e-refs/branch-heads/4240@{#378}) on port 18907
Only local connections are allowed.
Please see https://chromedriver.chromium.org/security-considerations for suggestions on keeping ChromeDriver safe.
ChromeDriver was started successfully.
ноя 29, 2020 11:59:20 PM org.openqa.selenium.remote.ProtocolHandshake createSession
INFO: Detected dialect: W3C
[Test worker] INFO com.codeborne.selenide.webdriver.BrowserResizer - Set browser size to 1366x768
[Test worker] INFO com.codeborne.selenide.webdriver.WebDriverFactory - BrowserName=chrome Version=86.0.4240.198 Platform=MAC
[Test worker] INFO com.codeborne.selenide.webdriver.WebDriverFactory - Selenide v. 5.15.1
[Test worker] INFO com.codeborne.selenide.webdriver.WebDriverFactory - Selenium WebDriver v. 3.141.59 build time: 2018-11-14T08:17:03
[Test worker] INFO com.codeborne.selenide.drivercommands.CreateDriverCommand - Create webdriver in current thread 10: ChromeDriver -> ChromeDriver: chrome on MAC (82b036bd6cd318e60c6bca23ba05ee11)
]]></system-err>
</testsuite>
