<?xml version="1.0" encoding="UTF-8"?>
<testsuite name="lesson3.qa.selenide.AlfaTest" tests="2" skipped="0" failures="0" errors="0" timestamp="2020-11-29T21:09:43" hostname="MacBook-Pro-Viktoria.local" time="21.229">
  <properties/>
  <testcase name="InsuranceSizeTest()" classname="lesson3.qa.selenide.AlfaTest" time="15.56"/>
  <testcase name="archiveDepositsSizeTest()" classname="lesson3.qa.selenide.AlfaTest" time="5.664"/>
  <system-out><![CDATA[]]></system-out>
  <system-err><![CDATA[[Test worker] INFO com.codeborne.selenide.impl.WebDriverThreadLocalContainer - No webdriver is bound to current thread: 10 - let's create a new webdriver
[Test worker] INFO com.codeborne.selenide.impl.FileHelper - Creating folder: /Users/viktoriavasilcenko/IdeaProjects/qa_guru_lesson3/build/downloads/1606684183877_98289_10
[Test worker] INFO io.github.bonigarcia.wdm.WebDriverManager - Using chromedriver 86.0.4240.22 (resolved driver for Chrome 86)
[Test worker] INFO io.github.bonigarcia.wdm.WebDriverManager - Exporting webdriver.chrome.driver as /Users/viktoriavasilcenko/.cache/selenium/chromedriver/mac64/86.0.4240.22/chromedriver
[Test worker] INFO com.codeborne.selenide.webdriver.AbstractDriverFactory - Write webdriver logs to: /Users/viktoriavasilcenko/IdeaProjects/qa_guru_lesson3/build/reports/tests/webdriver.1606684184471_98289_10.log
Starting ChromeDriver 86.0.4240.22 (398b0743353ff36fb1b82468f63a3a93b4e2e89e-refs/branch-heads/4240@{#378}) on port 43376
Only local connections are allowed.
Please see https://chromedriver.chromium.org/security-considerations for suggestions on keeping ChromeDriver safe.
ChromeDriver was started successfully.
ноя 30, 2020 12:09:48 AM org.openqa.selenium.remote.ProtocolHandshake createSession
INFO: Detected dialect: W3C
[Test worker] INFO com.codeborne.selenide.webdriver.BrowserResizer - Set browser size to 1366x768
[Test worker] INFO com.codeborne.selenide.webdriver.WebDriverFactory - BrowserName=chrome Version=86.0.4240.198 Platform=MAC
[Test worker] INFO com.codeborne.selenide.webdriver.WebDriverFactory - Selenide v. 5.15.1
[Test worker] INFO com.codeborne.selenide.webdriver.WebDriverFactory - Selenium WebDriver v. 3.141.59 build time: 2018-11-14T08:17:03
[Test worker] INFO com.codeborne.selenide.drivercommands.CreateDriverCommand - Create webdriver in current thread 10: ChromeDriver -> ChromeDriver: chrome on MAC (eedd680ed0cbfaeb25857c5b79f0150f)
]]></system-err>
</testsuite>
